<?xml version="1.0" encoding="UTF-8"?>
<testng-results skipped="0" failed="0" ignored="0" total="2" passed="2">
  <reporter-output>
  </reporter-output>
  <suite name="BDD Test Suite" duration-ms="43419" started-at="2020-05-04T02:26:34Z" finished-at="2020-05-04T02:27:18Z">
    <groups>
      <group name="cucumber">
        <method signature="TestRunner.feature(cucumber.api.testng.CucumberFeatureWrapper)[pri:0, instance:MyRunner.TestRunner@32e6e9c3]" name="feature" class="MyRunner.TestRunner"/>
      </group> <!-- cucumber -->
    </groups>
    <test name="Login Sceanrio" duration-ms="43419" started-at="2020-05-04T02:26:34Z" finished-at="2020-05-04T02:27:18Z">
      <class name="MyRunner.TestRunner">
        <test-method status="PASS" signature="setUpClass()[pri:0, instance:MyRunner.TestRunner@32e6e9c3]" name="setUpClass" is-config="true" duration-ms="883" started-at="2020-05-04T02:26:34Z" finished-at="2020-05-04T02:26:35Z">
          <reporter-output>
          </reporter-output>
        </test-method> <!-- setUpClass -->
        <test-method status="PASS" signature="feature(cucumber.api.testng.CucumberFeatureWrapper)[pri:0, instance:MyRunner.TestRunner@32e6e9c3]" name="feature" duration-ms="27295" started-at="2020-05-04T02:26:36Z" description="Runs Cucumber Feature" data-provider="features" finished-at="2020-05-04T02:27:03Z">
          <params>
            <param index="0">
              <value>
                <![CDATA[Login feature of Zero Bank]]>
              </value>
            </param>
          </params>
          <reporter-output>
          </reporter-output>
        </test-method> <!-- feature -->
        <test-method status="PASS" signature="feature(cucumber.api.testng.CucumberFeatureWrapper)[pri:0, instance:MyRunner.TestRunner@32e6e9c3]" name="feature" duration-ms="14437" started-at="2020-05-04T02:27:03Z" description="Runs Cucumber Feature" data-provider="features" finished-at="2020-05-04T02:27:17Z">
          <params>
            <param index="0">
              <value>
                <![CDATA[Logout feature of Zero Bank]]>
              </value>
            </param>
          </params>
          <reporter-output>
          </reporter-output>
        </test-method> <!-- feature -->
        <test-method status="PASS" signature="tearDownClass()[pri:0, instance:MyRunner.TestRunner@32e6e9c3]" name="tearDownClass" is-config="true" duration-ms="388" started-at="2020-05-04T02:27:17Z" finished-at="2020-05-04T02:27:18Z">
          <reporter-output>
          </reporter-output>
        </test-method> <!-- tearDownClass -->
      </class> <!-- MyRunner.TestRunner -->
    </test> <!-- Login Sceanrio -->
  </suite> <!-- BDD Test Suite -->
</testng-results>
